Output for: TH-232, (p,alpha), cont count, Cs-138 (463 keV)   

CLSQ2 output creation time: 2015-07-20 11:50:03.344697

 ----- INPUT DATA FROM FILE ----- 

   DAY    HR     MIN       COUNTS      DELTA_T     BGND    SBGND    SIGPCT  TYPE-FWHM  ENERGY       ID1       ID2       CPM   
    0	   1	  0.90	     2700	    10.0	   0.00	   0.00	     0.0	 	        0.0	 						    270.00
    0	   1	 11.30	     1930	    10.0	   0.00	   0.00	     0.0	 	        0.0	 						    193.00
    0	   1	 21.60	     1800	    10.0	   0.00	   0.00	     0.0	 	        0.0	 						    180.00
    0	   1	 42.30	     1070	    10.0	   0.00	   0.00	     0.0	 	        0.0	 						    107.00
    0	   1	 52.60	      683	    10.0	   0.00	   0.00	     0.0	 	        0.0	 						     68.30
    0	   2	 13.10	      436	    10.0	   0.00	   0.00	     0.0	 	        0.0	 						     43.60
    0	   2	 23.30	      399	    10.0	   0.00	   0.00	     0.0	 	        0.0	 						     39.90
    0	   2	 36.60	     1100	    30.0	   0.00	   0.00	     0.0	 	        0.0	 						     36.67
    0	   3	  7.20	      649	    30.0	   0.00	   0.00	     0.0	 	        0.0	 						     21.63


 ----- START OF CALCULATED OUTPUT ----- 



NP = 9 ,  NC = 1 ,  NV = 0 ,  CNV = 0.05 ,  BGD =   0.00 ,  SBGD =  0.00 ,  BLOCK =  5.0 ,  SCOFF = 0.5 ,  RJT =  6.0 ,  KCS = 0 ,  YIELD =  0.000 

             HALF LIFE     SIGMA H     CPM AT EOB     SIGMA EOB CPM    DECAY FACTOR 
 COMP( 1)	  33.410 M	   0.000 M	   9.9757E+02	   9.7293E+00	   3.9244E+00


    FIT =   5.537  ,  R-squared = 0.9918

       T(I)            F(I)            FCALC(I)        V(I)            SIGMAF(I)        RATIO(I) 
       6.5900E+01	   2.7001E+02	   2.5420E+02	   1.5808E+01	   5.1971E+00	     3.04
       7.6300E+01	   1.9300E+02	   2.0486E+02	  -1.1862E+01	   4.3943E+00	    -2.70
       8.6600E+01	   1.8000E+02	   1.6545E+02	   1.4554E+01	   4.2438E+00	     3.43
       1.0730E+02	   1.0700E+02	   1.0768E+02	  -6.8319E-01	   3.2726E+00	    -0.21
       1.1760E+02	   6.8300E+01	   8.6965E+01	  -1.8665E+01	   2.6153E+00	    -7.14
       1.3810E+02	   4.3600E+01	   5.6838E+01	  -1.3238E+01	   2.0905E+00	    -6.33
       1.4830E+02	   3.9900E+01	   4.5998E+01	  -6.0974E+00	   2.0000E+00	    -3.05
       1.7160E+02	   3.6667E+01	   2.8366E+01	   8.3008E+00	   1.1060E+00	     7.50
       2.0220E+02	   2.1633E+01	   1.5034E+01	   6.5990E+00	   8.4984E-01	     7.76

 All data points okay. None meet rejection criteria. 



NP = 9 ,  NC = 1 ,  NV = 1 ,  CNV = 0.05 ,  BGD =   0.00 ,  SBGD =  0.00 ,  BLOCK =  5.0 ,  SCOFF = 0.5 ,  RJT =  6.0 ,  KCS = 0 ,  YIELD =  0.000 

Iterations performed =  3 ,     CONVERGENT 


              1ST COMP        2ND COMP        3RD COMP        4TH COMP        5TH COMP 
    D         1.994475E-02	 
  DELTA( 1)  -7.352966E-04	 
  DELTA( 2)  -5.971783E-05	 
  DELTA( 3)  -6.932166E-06	 
  SIGMA       2.629563E-04	

             HALF LIFE     SIGMA H     CPM AT EOB     SIGMA EOB CPM    DECAY FACTOR 
 COMP( 1)	  34.753 M	   0.458 M	   9.1979E+02	   1.1391E+01	   3.7224E+00


    FIT =   5.823  ,  R-squared = 0.9897

       T(I)            F(I)            FCALC(I)        V(I)            SIGMAF(I)        RATIO(I) 
       6.5900E+01	   2.7001E+02	   2.4710E+02	   2.2908E+01	   5.1971E+00	     4.41
       7.6300E+01	   1.9300E+02	   2.0080E+02	  -7.7928E+00	   4.3943E+00	    -1.77
       8.6600E+01	   1.8000E+02	   1.6350E+02	   1.6507E+01	   4.2438E+00	     3.89
       1.0730E+02	   1.0700E+02	   1.0818E+02	  -1.1780E+00	   3.2726E+00	    -0.36
       1.1760E+02	   6.8300E+01	   8.8083E+01	  -1.9783E+01	   2.6153E+00	    -7.56
       1.3810E+02	   4.3600E+01	   5.8515E+01	  -1.4914E+01	   2.0905E+00	    -7.13
       1.4830E+02	   3.9900E+01	   4.7740E+01	  -7.8398E+00	   2.0000E+00	    -3.92
       1.7160E+02	   3.6667E+01	   2.9991E+01	   6.6759E+00	   1.1060E+00	     6.04
       2.0220E+02	   2.1633E+01	   1.6287E+01	   5.3463E+00	   8.4984E-01	     6.29
