Output for: Example 1 Pb-203 Bi-204 Bi-206 Au-194 At-207 Po-203

CLSQ2 output creation time: 2015-07-22 12:44:14.686690

 ----- INPUT DATA FROM FILE ----- 

   DAY    HR     MIN       COUNTS      DELTA_T     BGND    SBGND    SIGPCT  TYPE-FWHM  ENERGY       ID1       ID2       CPM   
    0	   7	  0.00	  3770000	     1.0	   0.00	   0.00	     0.0	 	        0.0	 						3770000.00
    0	  10	  0.00	  1510000	     1.0	   0.00	   0.00	     0.0	 	        0.0	 						1510000.00
    0	  16	  0.00	   494000	     1.0	   0.00	   0.00	     0.0	 	        0.0	 						 494000.00
    0	  22	  0.00	   332000	     1.0	   0.00	   0.00	     0.0	 	        0.0	 						 332000.00
    1	   0	  0.00	   264000	     1.0	   0.00	   0.00	     0.0	 	        0.0	 						 264000.00
    1	   0	  0.00	   231000	     1.0	   0.00	   0.00	     0.0	 	        0.0	 						 231000.00
    2	   0	  0.00	   182000	     1.0	   0.00	   0.00	     0.0	 	        0.0	 						 182000.00
    2	   0	  0.00	   141000	     1.0	   0.00	   0.00	     0.0	 	        0.0	 						 141000.00
    3	   0	  0.00	   102000	     1.0	   0.00	   0.00	     0.0	 	        0.0	 						 102000.00
    4	   0	  0.00	    68600	     1.0	   0.00	   0.00	     0.0	 	        0.0	 						  68600.00
    5	   0	  0.00	    47400	     1.0	   0.00	   0.00	     0.0	 	        0.0	 						  47400.00
    8	   0	  0.00	    17300	     1.0	   0.00	   0.00	     0.0	 	        0.0	 						  17300.00
   12	   0	  0.00	     5600	     1.0	   0.00	   0.00	     0.0	 	        0.0	 						   5600.00
   20	   0	  0.00	     1250	     1.0	   0.00	   0.00	     0.0	 	        0.0	 						   1250.00


 ----- START OF CALCULATED OUTPUT ----- 



NP = 14 ,  NC = 5 ,  NV = 0 ,  CNV = 0.05 ,  BGD =   0.00 ,  SBGD =  0.00 ,  BLOCK =  0.0 ,  SCOFF = 0.5 ,  RJT =  6.0 ,  KCS = 0 ,  YIELD =  0.000 

             HALF LIFE     SIGMA H     CPM AT EOB     SIGMA EOB CPM    DECAY FACTOR 
 COMP( 1)	  38.020 H	   0.000 H	   2.0817E+05	   7.2582E+03	   1.1363E+00
 COMP( 2)	  11.220 H	   0.000 H	   4.1463E+05	   7.8146E+03	   1.5418E+00
 COMP( 3)	  51.920 H	   0.000 H	   9.0137E+04	   5.1092E+03	   1.0981E+00
 COMP( 4)	   6.243 D	   0.000 D	   9.8275E+03	   3.3169E+02	   1.0330E+00
 COMP( 5)	   1.810 H	   0.000 H	   4.7268E+07	   2.3610E+05	   1.4642E+01


    FIT =   0.368  ,  R-squared = 1.0000

       T(I)            F(I)            FCALC(I)        V(I)            SIGMAF(I)        RATIO(I) 
       4.2050E+02	   3.7700E+06	   3.7720E+06	  -2.0420E+03	   1.8850E+04	    -0.11
       6.0050E+02	   1.5100E+06	   1.5085E+06	   1.5069E+03	   7.5500E+03	     0.20
       9.6050E+02	   4.9400E+05	   4.9446E+05	  -4.5997E+02	   2.4700E+03	    -0.19
       1.3205E+03	   3.3200E+05	   3.3223E+05	  -2.2706E+02	   1.6600E+03	    -0.14
       1.7285E+03	   2.6400E+05	   2.6379E+05	   2.1418E+02	   1.3200E+03	     0.16
       2.0165E+03	   2.3100E+05	   2.3088E+05	   1.1832E+02	   1.1550E+03	     0.10
       2.5925E+03	   1.8200E+05	   1.8210E+05	  -1.0284E+02	   9.1000E+02	    -0.11
       3.3125E+03	   1.4100E+05	   1.4052E+05	   4.7832E+02	   7.0500E+02	     0.68
       4.3205E+03	   1.0200E+05	   1.0237E+05	  -3.7207E+02	   5.1000E+02	    -0.73
       5.7605E+03	   6.8600E+04	   6.8585E+04	   1.5328E+01	   3.4300E+02	     0.04
       7.2005E+03	   4.7400E+04	   4.7397E+04	   2.6900E+00	   2.3700E+02	     0.01
       1.1520E+04	   1.7300E+04	   1.7273E+04	   2.6772E+01	   1.3153E+02	     0.20
       1.7280E+04	   5.6000E+03	   5.6123E+03	  -1.2323E+01	   7.4840E+01	    -0.16
       2.8800E+04	   1.2500E+03	   1.2482E+03	   1.7931E+00	   3.5369E+01	     0.05

 All data points okay. None meet rejection criteria. 



NP = 14 ,  NC = 5 ,  NV = 1 ,  CNV = 0.05 ,  BGD =   0.00 ,  SBGD =  0.00 ,  BLOCK =  0.0 ,  SCOFF = 0.5 ,  RJT =  6.0 ,  KCS = 0 ,  YIELD =  0.000 

Iterations performed =  3 ,     CONVERGENT 


              1ST COMP        2ND COMP        3RD COMP        4TH COMP        5TH COMP 
    D         3.054360E-04	 
  DELTA( 1)   1.562854E-06	 
  DELTA( 2)   2.070696E-08	 
  DELTA( 3)   4.376755E-10	 
  SIGMA       1.794181E-05	

             HALF LIFE     SIGMA H     CPM AT EOB     SIGMA EOB CPM    DECAY FACTOR 
 COMP( 1)	  37.823 H	   2.222 H	   2.0631E+05	   2.4783E+04	   1.1370E+00
 COMP( 2)	  11.220 H	   0.000 H	   4.1370E+05	   1.3136E+04	   1.5418E+00
 COMP( 3)	  51.920 H	   0.000 H	   9.2534E+04	   2.7111E+04	   1.0981E+00
 COMP( 4)	   6.243 D	   0.000 D	   9.7940E+03	   5.0213E+02	   1.0330E+00
 COMP( 5)	   1.810 H	   0.000 H	   4.7274E+07	   2.4465E+05	   1.4642E+01


    FIT =   0.389  ,  R-squared = 1.0000

       T(I)            F(I)            FCALC(I)        V(I)            SIGMAF(I)        RATIO(I) 
       4.2050E+02	   3.7700E+06	   3.7722E+06	  -2.2135E+03	   1.8850E+04	    -0.12
       6.0050E+02	   1.5100E+06	   1.5085E+06	   1.5376E+03	   7.5500E+03	     0.20
       9.6050E+02	   4.9400E+05	   4.9440E+05	  -4.0396E+02	   2.4700E+03	    -0.16
       1.3205E+03	   3.3200E+05	   3.3221E+05	  -2.0893E+02	   1.6600E+03	    -0.13
       1.7285E+03	   2.6400E+05	   2.6379E+05	   2.0511E+02	   1.3200E+03	     0.16
       2.0165E+03	   2.3100E+05	   2.3090E+05	   1.0019E+02	   1.1550E+03	     0.09
       2.5925E+03	   1.8200E+05	   1.8212E+05	  -1.2447E+02	   9.1000E+02	    -0.14
       3.3125E+03	   1.4100E+05	   1.4054E+05	   4.6411E+02	   7.0500E+02	     0.66
       4.3205E+03	   1.0200E+05	   1.0237E+05	  -3.7341E+02	   5.1000E+02	    -0.73
       5.7605E+03	   6.8600E+04	   6.8577E+04	   2.3443E+01	   3.4300E+02	     0.07
       7.2005E+03	   4.7400E+04	   4.7389E+04	   1.1110E+01	   2.3700E+02	     0.05
       1.1520E+04	   1.7300E+04	   1.7275E+04	   2.4765E+01	   1.3153E+02	     0.19
       1.7280E+04	   5.6000E+03	   5.6158E+03	  -1.5752E+01	   7.4840E+01	    -0.21
       2.8800E+04	   1.2500E+03	   1.2468E+03	   3.2338E+00	   3.5369E+01	     0.09
