Output for: TH-232, (p,alpha), cont count, I-134 (847 keV)  

CLSQ2 output creation time: 2015-07-20 11:50:45.810159

 ----- INPUT DATA FROM FILE ----- 

   DAY    HR     MIN       COUNTS      DELTA_T     BGND    SBGND    SIGPCT  TYPE-FWHM  ENERGY       ID1       ID2       CPM   
    0	   1	  0.90	     6110	    10.0	   0.00	   0.00	     0.0	 	        0.0	 						    611.00
    0	   1	 11.30	     5420	    10.0	   0.00	   0.00	     0.0	 	        0.0	 						    542.00
    0	   1	 21.60	     4530	    10.0	   0.00	   0.00	     0.0	 	        0.0	 						    453.00
    0	   1	 42.30	     3880	    10.0	   0.00	   0.00	     0.0	 	        0.0	 						    388.00
    0	   1	 52.60	     3560	    10.0	   0.00	   0.00	     0.0	 	        0.0	 						    356.00
    0	   2	 13.10	     2780	    10.0	   0.00	   0.00	     0.0	 	        0.0	 						    278.00
    0	   2	 23.30	     2160	    10.0	   0.00	   0.00	     0.0	 	        0.0	 						    216.00
    0	   2	 36.60	     5380	    30.0	   0.00	   0.00	     0.0	 	        0.0	 						    179.33
    0	   3	  7.20	     4000	    30.0	   0.00	   0.00	     0.0	 	        0.0	 						    133.33
    0	   3	 37.70	     2770	    30.0	   0.00	   0.00	     0.0	 	        0.0	 						     92.33
    0	   4	  8.20	     2100	    30.0	   0.00	   0.00	     0.0	 	        0.0	 						     70.00
    0	   4	 38.60	     1210	    30.0	   0.00	   0.00	     0.0	 	        0.0	 						     40.33
    0	   5	  9.00	      852	    30.0	   0.00	   0.00	     0.0	 	        0.0	 						     28.40
    0	   5	 39.30	      637	    30.0	   0.00	   0.00	     0.0	 	        0.0	 						     21.23
    0	   6	  9.70	      461	    30.0	   0.00	   0.00	     0.0	 	        0.0	 						     15.37


 ----- START OF CALCULATED OUTPUT ----- 



NP = 15 ,  NC = 1 ,  NV = 0 ,  CNV = 0.05 ,  BGD =   0.00 ,  SBGD =  0.00 ,  BLOCK =  5.0 ,  SCOFF = 0.5 ,  RJT =  6.0 ,  KCS = 0 ,  YIELD =  0.000 

             HALF LIFE     SIGMA H     CPM AT EOB     SIGMA EOB CPM    DECAY FACTOR 
 COMP( 1)	  52.500 M	   0.000 M	   1.6318E+03	   7.6888E+00	   2.3871E+00


    FIT =   7.535  ,  R-squared = 0.9887

       T(I)            F(I)            FCALC(I)        V(I)            SIGMAF(I)        RATIO(I) 
       6.5900E+01	   6.1103E+02	   6.8360E+02	  -7.2573E+01	   7.8173E+00	    -9.28
       7.6300E+01	   5.4202E+02	   5.9590E+02	  -5.3874E+01	   7.3627E+00	    -7.32
       8.6600E+01	   4.5302E+02	   5.2013E+02	  -6.7114E+01	   6.7313E+00	    -9.97
       1.0730E+02	   3.8801E+02	   3.9575E+02	  -7.7378E+00	   6.2298E+00	    -1.24
       1.1760E+02	   3.5601E+02	   3.4543E+02	   1.0579E+01	   5.9674E+00	     1.77
       1.3810E+02	   2.7801E+02	   2.6352E+02	   1.4484E+01	   5.2735E+00	     2.75
       1.4830E+02	   2.1600E+02	   2.3032E+02	  -1.4316E+01	   4.6487E+00	    -3.08
       1.7160E+02	   1.7934E+02	   1.6933E+02	   1.0007E+01	   2.4452E+00	     4.09
       2.0220E+02	   1.3333E+02	   1.1305E+02	   2.0284E+01	   2.1084E+00	     9.62
       2.3270E+02	   9.2334E+01	   7.5577E+01	   1.6757E+01	   1.7547E+00	     9.55
       2.6320E+02	   7.0000E+01	   5.0525E+01	   1.9475E+01	   1.5279E+00	    12.75
       2.9360E+02	   4.0333E+01	   3.3822E+01	   6.5118E+00	   1.1600E+00	     5.61
       3.2400E+02	   2.8400E+01	   2.2640E+01	   5.7597E+00	   9.7354E-01	     5.92
       3.5430E+02	   2.1233E+01	   1.5176E+01	   6.0577E+00	   8.4196E-01	     7.19
       3.8470E+02	   1.5367E+01	   1.0159E+01	   5.2080E+00	   7.1647E-01	     7.27

 All data points okay. None meet rejection criteria. 



NP = 15 ,  NC = 1 ,  NV = 1 ,  CNV = 0.05 ,  BGD =   0.00 ,  SBGD =  0.00 ,  BLOCK =  5.0 ,  SCOFF = 0.5 ,  RJT =  6.0 ,  KCS = 0 ,  YIELD =  0.000 

Iterations performed =  4 ,     CONVERGENT 


              1ST COMP        2ND COMP        3RD COMP        4TH COMP        5TH COMP 
    D         1.150586E-02	 
  DELTA( 1)  -2.110541E-03	 
  DELTA( 2)   3.997139E-04	 
  DELTA( 3)   1.409429E-05	 
  DELTA( 4)  -2.144123E-07	 
  SIGMA       6.069842E-05	

             HALF LIFE     SIGMA H     CPM AT EOB     SIGMA EOB CPM    DECAY FACTOR 
 COMP( 1)	  60.243 M	   0.318 M	   1.3030E+03	   6.1995E+00	   2.1345E+00


    FIT =   2.899  ,  R-squared = 0.9985

       T(I)            F(I)            FCALC(I)        V(I)            SIGMAF(I)        RATIO(I) 
       6.5900E+01	   6.1103E+02	   6.1045E+02	   5.8527E-01	   7.8173E+00	     0.07
       7.6300E+01	   5.4202E+02	   5.4160E+02	   4.2516E-01	   7.3627E+00	     0.06
       8.6600E+01	   4.5302E+02	   4.8107E+02	  -2.8053E+01	   6.7313E+00	    -4.17
       1.0730E+02	   3.8801E+02	   3.7911E+02	   8.8980E+00	   6.2298E+00	     1.43
       1.1760E+02	   3.5601E+02	   3.3674E+02	   1.9266E+01	   5.9674E+00	     3.23
       1.3810E+02	   2.7801E+02	   2.6599E+02	   1.2018E+01	   5.2735E+00	     2.28
       1.4830E+02	   2.1600E+02	   2.3653E+02	  -2.0530E+01	   4.6487E+00	    -4.42
       1.7160E+02	   1.7934E+02	   1.8091E+02	  -1.5737E+00	   2.4452E+00	    -0.64
       2.0220E+02	   1.3333E+02	   1.2722E+02	   6.1155E+00	   2.1084E+00	     2.90
       2.3270E+02	   9.2334E+01	   8.9566E+01	   2.7679E+00	   1.7547E+00	     1.58
       2.6320E+02	   7.0000E+01	   6.3057E+01	   6.9432E+00	   1.5279E+00	     4.54
       2.9360E+02	   4.0333E+01	   4.4445E+01	  -4.1118E+00	   1.1600E+00	    -3.54
       3.2400E+02	   2.8400E+01	   3.1327E+01	  -2.9267E+00	   9.7354E-01	    -3.01
       3.5430E+02	   2.1233E+01	   2.2106E+01	  -8.7241E-01	   8.4196E-01	    -1.04
       3.8470E+02	   1.5367E+01	   1.5581E+01	  -2.1435E-01	   7.1647E-01	    -0.30
